Using pre-set license
Built from '2021.3/staging' branch; Version is '2021.3.21f1 (1b156197d683) revision 1774945'; Using compiler version '192829333'; Build Type 'Release'
OS: 'Windows 10  (10.0.19044) 64bit Professional' Language: 'ru' Physical Memory: 16335 MB
BatchMode: 1, IsHumanControllingUs: 0, StartBugReporterOnCrash: 0, Is64bit: 1, IsPro: 1

COMMAND LINE ARGUMENTS:
C:\Program Files\Unity\Hub\Editor\2021.3.21f1\Editor\Unity.exe
-adb2
-batchMode
-noUpm
-name
AssetImportWorker0
-projectPath
C:/Users/Administrator/TicTacToe
-logFile
Logs/AssetImportWorker0.log
-srvPort
53181
Successfully changed project path to: C:/Users/Administrator/TicTacToe
C:/Users/Administrator/TicTacToe
[UnityMemory] Configuration Parameters - Can be set up in boot.config
    "memorysetup-bucket-allocator-granularity=16"
    "memorysetup-bucket-allocator-bucket-count=8"
    "memorysetup-bucket-allocator-block-size=33554432"
    "memorysetup-bucket-allocator-block-count=8"
    "memorysetup-main-allocator-block-size=16777216"
    "memorysetup-thread-allocator-block-size=16777216"
    "memorysetup-gfx-main-allocator-block-size=16777216"
    "memorysetup-gfx-thread-allocator-block-size=16777216"
    "memorysetup-cache-allocator-block-size=4194304"
    "memorysetup-typetree-allocator-block-size=2097152"
    "memorysetup-profiler-bucket-allocator-granularity=16"
    "memorysetup-profiler-bucket-allocator-bucket-count=8"
    "memorysetup-profiler-bucket-allocator-block-size=33554432"
    "memorysetup-profiler-bucket-allocator-block-count=8"
    "memorysetup-profiler-allocator-block-size=16777216"
    "memorysetup-profiler-editor-allocator-block-size=1048576"
    "memorysetup-temp-allocator-size-main=16777216"
    "memorysetup-job-temp-allocator-block-size=2097152"
    "memorysetup-job-temp-allocator-block-size-background=1048576"
    "memorysetup-job-temp-allocator-reduction-small-platforms=262144"
    "memorysetup-temp-allocator-size-background-worker=32768"
    "memorysetup-temp-allocator-size-job-worker=262144"
    "memorysetup-temp-allocator-size-preload-manager=33554432"
    "memorysetup-temp-allocator-size-nav-mesh-worker=65536"
    "memorysetup-temp-allocator-size-audio-worker=65536"
    "memorysetup-temp-allocator-size-cloud-worker=32768"
    "memorysetup-temp-allocator-size-gi-baking-worker=262144"
    "memorysetup-temp-allocator-size-gfx=262144"
Player connection [28388] Host "[IP] 192.168.31.174 [Port] 0 [Flags] 2 [Guid] 160340267 [EditorId] 160340267 [Version] 1048832 [Id] WindowsEditor(7,DESKTOP-PVTO890) [Debug] 1 [PackageName] WindowsEditor [ProjectName] Editor" joined multi-casting on [225.0.0.222:54997]...

Player connection [28388] Host "[IP] 192.168.31.174 [Port] 0 [Flags] 2 [Guid] 160340267 [EditorId] 160340267 [Version] 1048832 [Id] WindowsEditor(7,DESKTOP-PVTO890) [Debug] 1 [PackageName] WindowsEditor [ProjectName] Editor" joined alternative multi-casting on [225.0.0.222:34997]...

Refreshing native plugins compatible for Editor in 118.02 ms, found 4 plugins.
Preloading 0 native plugins for Editor in 0.00 ms.
Initialize engine version: 2021.3.21f1 (1b156197d683)
[Subsystems] Discovering subsystems at path C:/Program Files/Unity/Hub/Editor/2021.3.21f1/Editor/Data/Resources/UnitySubsystems
[Subsystems] Discovering subsystems at path C:/Users/Administrator/TicTacToe/Assets
GfxDevice: creating device client; threaded=0; jobified=0
Direct3D:
    Version:  Direct3D 11.0 [level 11.1]
    Renderer: NVIDIA GeForce GTX 1060 6GB (ID=0x1c03)
    Vendor:   NVIDIA
    VRAM:     6052 MB
    Driver:   31.0.15.1694
Initialize mono
Mono path[0] = 'C:/Program Files/Unity/Hub/Editor/2021.3.21f1/Editor/Data/Managed'
Mono path[1] = 'C:/Program Files/Unity/Hub/Editor/2021.3.21f1/Editor/Data/MonoBleedingEdge/lib/mono/unityjit-win32'
Mono config path = 'C:/Program Files/Unity/Hub/Editor/2021.3.21f1/Editor/Data/MonoBleedingEdge/etc'
Using monoOptions --debugger-agent=transport=dt_socket,embedding=1,server=y,suspend=n,address=127.0.0.1:56536
Begin MonoManager ReloadAssembly
Registering precompiled unity dll's ...
Register platform support module: C:/Program Files/Unity/Hub/Editor/2021.3.21f1/Editor/Data/PlaybackEngines/WebGLSupport/UnityEditor.WebGL.Extensions.dll
Register platform support module: C:/Program Files/Unity/Hub/Editor/2021.3.21f1/Editor/Data/PlaybackEngines/AndroidPlayer/UnityEditor.Android.Extensions.dll
Register platform support module: C:/Program Files/Unity/Hub/Editor/2021.3.21f1/Editor/Data/PlaybackEngines/WindowsStandaloneSupport/UnityEditor.WindowsStandalone.Extensions.dll
Registered in 0.013823 seconds.
Native extension for WindowsStandalone target not found
Native extension for Android target not found
Android Extension - Scanning For ADB Devices 329 ms
Native extension for WebGL target not found
Refreshing native plugins compatible for Editor in 119.24 ms, found 4 plugins.
Preloading 0 native plugins for Editor in 0.00 ms.
Mono: successfully reloaded assembly
- Completed reload, in  1.275 seconds
Domain Reload Profiling:
	ReloadAssembly (1276ms)
		BeginReloadAssembly (120ms)
			ExecutionOrderSort (0ms)
			DisableScriptedObjects (0ms)
			BackupInstance (0ms)
			ReleaseScriptingObjects (0ms)
			CreateAndSetChildDomain (1ms)
		EndReloadAssembly (1005ms)
			LoadAssemblies (117ms)
			RebuildTransferFunctionScriptingTraits (0ms)
			SetupTypeCache (160ms)
			ReleaseScriptCaches (0ms)
			RebuildScriptCaches (41ms)
			SetupLoadedEditorAssemblies (729ms)
				LogAssemblyErrors (0ms)
				InitializePlatformSupportModulesInManaged (419ms)
				SetLoadedEditorAssemblies (0ms)
				RefreshPlugins (119ms)
				BeforeProcessingInitializeOnLoad (2ms)
				ProcessInitializeOnLoadAttributes (126ms)
				ProcessInitializeOnLoadMethodAttributes (62ms)
				AfterProcessingInitializeOnLoad (0ms)
				EditorAssembliesLoaded (0ms)
			ExecutionOrderSort2 (0ms)
			AwakeInstancesAfterBackupRestoration (0ms)
Platform modules already initialized, skipping
Registering precompiled user dll's ...
Registered in 0.011765 seconds.
Begin MonoManager ReloadAssembly
Symbol file LoadedFromMemory doesn't match image C:\Users\Administrator\TicTacToe\Library\PackageCache\com.unity.visualscripting@1.8.0\Editor\VisualScripting.Core\Dependencies\YamlDotNet\Unity.VisualScripting.YamlDotNet.dll
Symbol file LoadedFromMemory doesn't match image C:\Users\Administrator\TicTacToe\Library\PackageCache\com.unity.visualscripting@1.8.0\Editor\VisualScripting.Core\Dependencies\DotNetZip\Unity.VisualScripting.IonicZip.dll
Native extension for WindowsStandalone target not found
Native extension for Android target not found
Native extension for WebGL target not found
Refreshing native plugins compatible for Editor in 128.60 ms, found 4 plugins.
Preloading 0 native plugins for Editor in 0.00 ms.
Mono: successfully reloaded assembly
- Completed reload, in  1.658 seconds
Domain Reload Profiling:
	ReloadAssembly (1659ms)
		BeginReloadAssembly (169ms)
			ExecutionOrderSort (0ms)
			DisableScriptedObjects (8ms)
			BackupInstance (0ms)
			ReleaseScriptingObjects (0ms)
			CreateAndSetChildDomain (24ms)
		EndReloadAssembly (1321ms)
			LoadAssemblies (139ms)
			RebuildTransferFunctionScriptingTraits (0ms)
			SetupTypeCache (345ms)
			ReleaseScriptCaches (1ms)
			RebuildScriptCaches (105ms)
			SetupLoadedEditorAssemblies (681ms)
				LogAssemblyErrors (0ms)
				InitializePlatformSupportModulesInManaged (28ms)
				SetLoadedEditorAssemblies (0ms)
				RefreshPlugins (129ms)
				BeforeProcessingInitializeOnLoad (141ms)
				ProcessInitializeOnLoadAttributes (318ms)
				ProcessInitializeOnLoadMethodAttributes (52ms)
				AfterProcessingInitializeOnLoad (12ms)
				EditorAssembliesLoaded (0ms)
			ExecutionOrderSort2 (0ms)
			AwakeInstancesAfterBackupRestoration (8ms)
Platform modules already initialized, skipping
========================================================================
Worker process is ready to serve import requests
Launched and connected shader compiler UnityShaderCompiler.exe after 0.05 seconds
Refreshing native plugins compatible for Editor in 1.45 ms, found 4 plugins.
Preloading 0 native plugins for Editor in 0.00 ms.
Unloading 3974 Unused Serialized files (Serialized files now loaded: 0)
Unloading 46 unused Assets / (185.7 KB). Loaded Objects now: 4427.
Memory consumption went from 152.5 MB to 152.4 MB.
Total: 4.554000 ms (FindLiveObjects: 0.481000 ms CreateObjectMapping: 0.160300 ms MarkObjects: 3.697200 ms  DeleteObjects: 0.213800 ms)

AssetImportParameters requested are different than current active one (requested -> active):
  custom:video-decoder-ogg-theora: a1e56fd34408186e4bbccfd4996cb3dc -> 
  custom:container-muxer-webm: aa71ff27fc2769a1b78a27578f13a17b -> 
  custom:container-demuxer-webm: 4f35f7cbe854078d1ac9338744f61a02 -> 
  custom:video-encoder-webm-vp8: eb34c28f22e8b96e1ab97ce403110664 -> 
  custom:audio-encoder-webm-vorbis: bf7c407c2cedff20999df2af8eb42d56 -> 
  custom:framework-win-MediaFoundation: 216162199b28c13a410421893ffa2e32 -> 
  custom:container-demuxer-ogg: 62fdf1f143b41e24485cea50d1cbac27 -> 
  custom:video-decoder-webm-vp8: 9c59270c3fd7afecdb556c50c9e8de78 -> 
  custom:audio-decoder-ogg-vorbis: bf7c407c2cedff20999df2af8eb42d56 -> 
========================================================================
Received Import Request.
  Time since last request: 147843.341316 seconds.
  path: Assets/Photon/PhotonLibs/WebSocket
  artifactKey: Guid(2f243ce0406bd1c40a9ff5fc2d78d905) Importer(815301076,1909f56bfc062723c751e8b465ee728b)
Start importing Assets/Photon/PhotonLibs/WebSocket using Guid(2f243ce0406bd1c40a9ff5fc2d78d905) Importer(815301076,1909f56bfc062723c751e8b465ee728b)  -> (artifact id: 'ef37dc17bbd9e364e43b0d23e6305350') in 0.011261 seconds 
========================================================================
Received Import Request.
  Time since last request: 0.000046 seconds.
  path: Assets/Photon/PhotonLibs/WebSocket/websocket-sharp.dll
  artifactKey: Guid(748eb70bc0d7515498ef73fed155520a) Importer(815301076,1909f56bfc062723c751e8b465ee728b)
Start importing Assets/Photon/PhotonLibs/WebSocket/websocket-sharp.dll using Guid(748eb70bc0d7515498ef73fed155520a) Importer(815301076,1909f56bfc062723c751e8b465ee728b)  -> (artifact id: '73dce39d200f56921d55d52d36e73202') in 0.025072 seconds 
========================================================================
Received Import Request.
  Time since last request: 6.206689 seconds.
  path: Assets/Photon/PhotonUnityNetworking/Code/Editor/ReordableList
  artifactKey: Guid(62126d9bb7b8eb64ea07a039d902d0ac) Importer(815301076,1909f56bfc062723c751e8b465ee728b)
Start importing Assets/Photon/PhotonUnityNetworking/Code/Editor/ReordableList using Guid(62126d9bb7b8eb64ea07a039d902d0ac) Importer(815301076,1909f56bfc062723c751e8b465ee728b)  -> (artifact id: 'd1c3bbf35f875ffb98b47246e64b265a') in 0.002031 seconds 
========================================================================
Received Import Request.
  Time since last request: 10.646851 seconds.
  path: Assets/Photon/PhotonRealtime/Code
  artifactKey: Guid(028784b24103cfd46a9d2eadba4c285f) Importer(815301076,1909f56bfc062723c751e8b465ee728b)
Start importing Assets/Photon/PhotonRealtime/Code using Guid(028784b24103cfd46a9d2eadba4c285f) Importer(815301076,1909f56bfc062723c751e8b465ee728b)  -> (artifact id: '2000b095b3a6223c9ab4e33b9b66b555') in 0.001708 seconds 
========================================================================
Received Import Request.
  Time since last request: 0.100679 seconds.
  path: Assets/Photon/PhotonRealtime/Code/PhotonRealtime.asmdef
  artifactKey: Guid(831409e8f9d13b5479a3baef9822ad34) Importer(815301076,1909f56bfc062723c751e8b465ee728b)
Start importing Assets/Photon/PhotonRealtime/Code/PhotonRealtime.asmdef using Guid(831409e8f9d13b5479a3baef9822ad34) Importer(815301076,1909f56bfc062723c751e8b465ee728b)  -> (artifact id: '25ad6d6244e0e7463b52bf4acca5721c') in 0.006907 seconds 
========================================================================
Received Import Request.
  Time since last request: 10.019361 seconds.
  path: Assets/Photon/PhotonRealtime/Code/Unity
  artifactKey: Guid(fa14aa576f7e18f4bb6c4c93368a235d) Importer(815301076,1909f56bfc062723c751e8b465ee728b)
Start importing Assets/Photon/PhotonRealtime/Code/Unity using Guid(fa14aa576f7e18f4bb6c4c93368a235d) Importer(815301076,1909f56bfc062723c751e8b465ee728b)  -> (artifact id: '903d4f6c4f76f3871e98b8a5774d49ea') in 0.001774 seconds 
========================================================================
Received Import Request.
  Time since last request: 0.613722 seconds.
  path: Assets/Photon/PhotonRealtime/Code/Unity/Editor
  artifactKey: Guid(a02814c0303a60f488813e6111993aaa) Importer(815301076,1909f56bfc062723c751e8b465ee728b)
Start importing Assets/Photon/PhotonRealtime/Code/Unity/Editor using Guid(a02814c0303a60f488813e6111993aaa) Importer(815301076,1909f56bfc062723c751e8b465ee728b)  -> (artifact id: '464953b6940a3019dcd164e541b16090') in 0.001640 seconds 
========================================================================
Received Import Request.
  Time since last request: 16.263481 seconds.
  path: Assets/Photon/PhotonChat/Code
  artifactKey: Guid(af83a98aaa4f7b64eb7fcec95ee7b1ed) Importer(815301076,1909f56bfc062723c751e8b465ee728b)
Start importing Assets/Photon/PhotonChat/Code using Guid(af83a98aaa4f7b64eb7fcec95ee7b1ed) Importer(815301076,1909f56bfc062723c751e8b465ee728b)  -> (artifact id: '6caab1e52e77bd0f5f87c23569d5635c') in 0.002177 seconds 
========================================================================
Received Import Request.
  Time since last request: 0.074487 seconds.
  path: Assets/Photon/PhotonChat/Code/PhotonChat.asmdef
  artifactKey: Guid(08a110bd598f7604f9519c2d7e1fb3cc) Importer(815301076,1909f56bfc062723c751e8b465ee728b)
Start importing Assets/Photon/PhotonChat/Code/PhotonChat.asmdef using Guid(08a110bd598f7604f9519c2d7e1fb3cc) Importer(815301076,1909f56bfc062723c751e8b465ee728b)  -> (artifact id: '4479f572114e2b70de521fa32417a73c') in 0.001411 seconds 
========================================================================
Received Import Request.
  Time since last request: 4.706983 seconds.
  path: Assets/Photon/PhotonChat/Demos
  artifactKey: Guid(801c62f7d03cb463ba20067deb330234) Importer(815301076,1909f56bfc062723c751e8b465ee728b)
Start importing Assets/Photon/PhotonChat/Demos using Guid(801c62f7d03cb463ba20067deb330234) Importer(815301076,1909f56bfc062723c751e8b465ee728b)  -> (artifact id: '720384e303ca559184be76c66992c5a2') in 0.001871 seconds 
========================================================================
Received Import Request.
  Time since last request: 0.595926 seconds.
  path: Assets/Photon/PhotonChat/Demos/Common
  artifactKey: Guid(1aab6e4c105054f7e91af2cf027064d1) Importer(815301076,1909f56bfc062723c751e8b465ee728b)
Start importing Assets/Photon/PhotonChat/Demos/Common using Guid(1aab6e4c105054f7e91af2cf027064d1) Importer(815301076,1909f56bfc062723c751e8b465ee728b)  -> (artifact id: 'b6e84ede1a2b6e86d0476c1fea8ace0c') in 0.001733 seconds 
========================================================================
Received Import Request.
  Time since last request: 0.886699 seconds.
  path: Assets/Photon/PhotonChat/Demos/DemoChat
  artifactKey: Guid(4e3a46219ebf94310a9f347733f88f31) Importer(815301076,1909f56bfc062723c751e8b465ee728b)
Start importing Assets/Photon/PhotonChat/Demos/DemoChat using Guid(4e3a46219ebf94310a9f347733f88f31) Importer(815301076,1909f56bfc062723c751e8b465ee728b)  -> (artifact id: '028162dfbdae06e3cccdbf3b0ae5fb57') in 0.001866 seconds 
========================================================================
Received Import Request.
  Time since last request: 4.296752 seconds.
  path: Assets/Photon/PhotonLibs/netstandard2.0
  artifactKey: Guid(beb9d2a25c882b54ab2fd9adaec2b53c) Importer(815301076,1909f56bfc062723c751e8b465ee728b)
Start importing Assets/Photon/PhotonLibs/netstandard2.0 using Guid(beb9d2a25c882b54ab2fd9adaec2b53c) Importer(815301076,1909f56bfc062723c751e8b465ee728b)  -> (artifact id: 'fc911761718c91de3cd6d7441bffefdf') in 0.001706 seconds 
========================================================================
Received Import Request.
  Time since last request: 3.629362 seconds.
  path: Assets/Photon/PhotonLibs/Metro/Photon3Unity3D.dll
  artifactKey: Guid(3b5a0a7dce46a13459199d174ad3db3f) Importer(815301076,1909f56bfc062723c751e8b465ee728b)
Start importing Assets/Photon/PhotonLibs/Metro/Photon3Unity3D.dll using Guid(3b5a0a7dce46a13459199d174ad3db3f) Importer(815301076,1909f56bfc062723c751e8b465ee728b)  -> (artifact id: '9a13fcc99c8f0614d326059ae1ba670f') in 0.001807 seconds 
========================================================================
Received Import Request.
  Time since last request: 0.899598 seconds.
  path: Assets/Photon/PhotonLibs/Metro/Photon3Unity3D.pdb
  artifactKey: Guid(ceaf3c270b0c23c44b43fa13cee2675b) Importer(815301076,1909f56bfc062723c751e8b465ee728b)
Start importing Assets/Photon/PhotonLibs/Metro/Photon3Unity3D.pdb using Guid(ceaf3c270b0c23c44b43fa13cee2675b) Importer(815301076,1909f56bfc062723c751e8b465ee728b)  -> (artifact id: '192b40fbeba4137797e56a130441f821') in 0.019177 seconds 
========================================================================
Received Import Request.
  Time since last request: 0.343851 seconds.
  path: Assets/Photon/PhotonLibs/Metro/Photon3Unity3D.pri
  artifactKey: Guid(3439a9e4030efca45b6cc06240106c02) Importer(815301076,1909f56bfc062723c751e8b465ee728b)
Start importing Assets/Photon/PhotonLibs/Metro/Photon3Unity3D.pri using Guid(3439a9e4030efca45b6cc06240106c02) Importer(815301076,1909f56bfc062723c751e8b465ee728b)  -> (artifact id: '84932a7b24cf763104ea82611b366e3c') in 0.004139 seconds 
========================================================================
Received Import Request.
  Time since last request: 6.823110 seconds.
  path: Assets/Photon/PhotonRealtime/Code/AppSettings.cs
  artifactKey: Guid(272beb7315eb9fc4daecafe2ff373baf) Importer(815301076,1909f56bfc062723c751e8b465ee728b)
Start importing Assets/Photon/PhotonRealtime/Code/AppSettings.cs using Guid(272beb7315eb9fc4daecafe2ff373baf) Importer(815301076,1909f56bfc062723c751e8b465ee728b)  -> (artifact id: '4671c46d47125e80cd30579a5d8a1c09') in 0.006130 seconds 
========================================================================
Received Import Request.
  Time since last request: 7.955007 seconds.
  path: Assets/Photon/PhotonRealtime/Demos
  artifactKey: Guid(5456c843f3eadef4f86166dc7f3ab583) Importer(815301076,1909f56bfc062723c751e8b465ee728b)
Start importing Assets/Photon/PhotonRealtime/Demos using Guid(5456c843f3eadef4f86166dc7f3ab583) Importer(815301076,1909f56bfc062723c751e8b465ee728b)  -> (artifact id: '86c8cbe8500b976674b4fd5bddaae049') in 0.001707 seconds 
========================================================================
Received Import Request.
  Time since last request: 0.732338 seconds.
  path: Assets/Photon/PhotonRealtime/Demos/DemoLoadBalancing
  artifactKey: Guid(32dc3abb17a2b434a9b7b347bdbea7b3) Importer(815301076,1909f56bfc062723c751e8b465ee728b)
Start importing Assets/Photon/PhotonRealtime/Demos/DemoLoadBalancing using Guid(32dc3abb17a2b434a9b7b347bdbea7b3) Importer(815301076,1909f56bfc062723c751e8b465ee728b)  -> (artifact id: 'a6619a22624b8af7241d6db6f509623a') in 0.001655 seconds 
========================================================================
Received Import Request.
  Time since last request: 0.696585 seconds.
  path: Assets/Photon/PhotonRealtime/Demos/DemoLoadBalancing/DemoLoadBalancing-Scene.unity
  artifactKey: Guid(a73b0cac1a73cc346aaeb5f8dd0b53f1) Importer(815301076,1909f56bfc062723c751e8b465ee728b)
Start importing Assets/Photon/PhotonRealtime/Demos/DemoLoadBalancing/DemoLoadBalancing-Scene.unity using Guid(a73b0cac1a73cc346aaeb5f8dd0b53f1) Importer(815301076,1909f56bfc062723c751e8b465ee728b)  -> (artifact id: 'd9fe20833e297d428b7842507dfe0afc') in 0.002044 seconds 
========================================================================
Received Import Request.
  Time since last request: 1.754533 seconds.
  path: Assets/Photon/PhotonRealtime/Demos/DemoLoadBalancing/ConnectAndJoinRandomLb.cs
  artifactKey: Guid(72e8756202d0dfc488140c228938043b) Importer(815301076,1909f56bfc062723c751e8b465ee728b)
Start importing Assets/Photon/PhotonRealtime/Demos/DemoLoadBalancing/ConnectAndJoinRandomLb.cs using Guid(72e8756202d0dfc488140c228938043b) Importer(815301076,1909f56bfc062723c751e8b465ee728b)  -> (artifact id: 'c15df666eefcff9884e057485f07ad15') in 0.001772 seconds 
========================================================================
Received Import Request.
  Time since last request: 2.901886 seconds.
  path: Assets/Photon/Connecting.cs
  artifactKey: Guid(719f1730e2539d248bfd6b2a56603625) Importer(815301076,1909f56bfc062723c751e8b465ee728b)
Start importing Assets/Photon/Connecting.cs using Guid(719f1730e2539d248bfd6b2a56603625) Importer(815301076,1909f56bfc062723c751e8b465ee728b)  -> (artifact id: '8187f5e87d3d15b9178235fb59583a21') in 0.001646 seconds 
========================================================================
Received Import Request.
  Time since last request: 6.053834 seconds.
  path: Assets/Photon/PhotonNetworking-Documentation.chm
  artifactKey: Guid(6923098d409554f57bedd5a4fa66e3ad) Importer(815301076,1909f56bfc062723c751e8b465ee728b)
Start importing Assets/Photon/PhotonNetworking-Documentation.chm using Guid(6923098d409554f57bedd5a4fa66e3ad) Importer(815301076,1909f56bfc062723c751e8b465ee728b)  -> (artifact id: '658d19f1c264240241ee4923ead5eda7') in 0.006668 seconds 
========================================================================
Received Import Request.
  Time since last request: 0.393045 seconds.
  path: Assets/Photon/PhotonNetworking-Documentation.pdf
  artifactKey: Guid(c285a840e88d74462a18710772dc4bfb) Importer(815301076,1909f56bfc062723c751e8b465ee728b)
Start importing Assets/Photon/PhotonNetworking-Documentation.pdf using Guid(c285a840e88d74462a18710772dc4bfb) Importer(815301076,1909f56bfc062723c751e8b465ee728b)  -> (artifact id: '333dda0fe911724c9ae2a732fd7016c8') in 0.006523 seconds 
========================================================================
Received Import Request.
  Time since last request: 1.782666 seconds.
  path: Assets/Photon/PhotonUnityNetworking/UtilityScripts
  artifactKey: Guid(5c9485e879b69bf48bbc3ea64a71dbb2) Importer(815301076,1909f56bfc062723c751e8b465ee728b)
Start importing Assets/Photon/PhotonUnityNetworking/UtilityScripts using Guid(5c9485e879b69bf48bbc3ea64a71dbb2) Importer(815301076,1909f56bfc062723c751e8b465ee728b)  -> (artifact id: '20e4722603eefee169e3218ba2f38db9') in 0.001847 seconds 
========================================================================
Received Import Request.
  Time since last request: 2.192553 seconds.
  path: Assets/Photon/PhotonUnityNetworking/Resources
  artifactKey: Guid(fa8774047e28cec40a641b283e93e11a) Importer(815301076,1909f56bfc062723c751e8b465ee728b)
Start importing Assets/Photon/PhotonUnityNetworking/Resources using Guid(fa8774047e28cec40a641b283e93e11a) Importer(815301076,1909f56bfc062723c751e8b465ee728b)  -> (artifact id: 'f349b4410ae94bb91a3bc20f293af1df') in 0.002171 seconds 
========================================================================
Received Import Request.
  Time since last request: 0.651355 seconds.
  path: Assets/Photon/PhotonUnityNetworking/Resources/PhotonServerSettings.asset
  artifactKey: Guid(268ea27c7b5ad3b4fa3cbaf65a7ec86e) Importer(815301076,1909f56bfc062723c751e8b465ee728b)
Start importing Assets/Photon/PhotonUnityNetworking/Resources/PhotonServerSettings.asset using Guid(268ea27c7b5ad3b4fa3cbaf65a7ec86e) Importer(815301076,1909f56bfc062723c751e8b465ee728b)  -> (artifact id: '7a0d3eb170c0eb9e56634d590e96e70a') in 0.004296 seconds 
